<?xml version="1.0" encoding="UTF-8"?>
<!-- Generated by org.testng.reporters.JUnitXMLReporter -->
<testsuite ignored="4" hostname="DESKTOP-6NLN9VT" failures="0" tests="1" name="Default test" time="15.087" errors="0" timestamp="2023-02-01T15:09:14 IST">
  <testcase classname="com.bridgelabz_qa_Automation.Actions_Class_Method" name="drag_And_Drop" time="6.646"/>
  <testcase classname="com.bridgelabz_qa_Automation.Actions_Class_Method" name="enter_Text_Into_Disable_Field" time="0.0">
    <ignored/>
  </testcase> <!-- enter_Text_Into_Disable_Field -->
  <testcase classname="com.bridgelabz_qa_Automation.Actions_Class_Method" name="enter_DoubleClick_Into_Disable_Field" time="0.0">
    <ignored/>
  </testcase> <!-- enter_DoubleClick_Into_Disable_Field -->
  <testcase classname="com.bridgelabz_qa_Automation.Actions_Class_Method" name="move_Element" time="0.0">
    <ignored/>
  </testcase> <!-- move_Element -->
  <testcase classname="com.bridgelabz_qa_Automation.Actions_Class_Method" name="click_Hold_And_Release" time="0.0">
    <ignored/>
  </testcase> <!-- click_Hold_And_Release -->
</testsuite> <!-- Default test -->
