<?xml version="1.0" encoding="UTF-8"?>
<testng-results ignored="4" total="5" passed="1" failed="0" skipped="0">
  <reporter-output>
  </reporter-output>
  <suite started-at="2023-02-01T15:08:59 IST" name="Default suite" finished-at="2023-02-01T15:09:14 IST" duration-ms="15087">
    <groups>
    </groups>
    <test started-at="2023-02-01T15:08:59 IST" name="Default test" finished-at="2023-02-01T15:09:14 IST" duration-ms="15087">
      <class name="com.bridgelabz_qa_Automation.Actions_Class_Method">
        <test-method is-config="true" signature="setUP()[pri:0, instance:com.bridgelabz_qa_Automation.Actions_Class_Method@25fb8912]" started-at="2023-02-01T15:08:59 IST" name="setUP" finished-at="2023-02-01T15:09:08 IST" duration-ms="8399" status="PASS">
          <reporter-output>
          </reporter-output>
        </test-method> <!-- setUP -->
        <test-method signature="drag_And_Drop()[pri:0, instance:com.bridgelabz_qa_Automation.Actions_Class_Method@25fb8912]" started-at="2023-02-01T15:09:08 IST" name="drag_And_Drop" finished-at="2023-02-01T15:09:14 IST" duration-ms="6646" status="PASS">
          <reporter-output>
          </reporter-output>
        </test-method> <!-- drag_And_Drop -->
      </class> <!-- com.bridgelabz_qa_Automation.Actions_Class_Method -->
    </test> <!-- Default test -->
  </suite> <!-- Default suite -->
</testng-results>
